Thu Mar 22 13:03:58 2018 [18364][-none-][FATAL] SECURITY: User authentication for wiseondemand failed
Thu Mar 22 13:03:58 2018 [18364][-none-][FATAL] FAILED LOGIN:attempts[1], ip[::1], username[wiseondemand]
Thu Mar 22 13:11:36 2018 [18364][1][FATAL] field_defs should be an array
Thu Mar 22 13:12:59 2018 [18364][1][FATAL] ERROR: rmdir_recursive(): argument cache/themes/SuitePImproved2/modules is not a file or a dir.
Thu Mar 22 13:13:44 2018 [23348][-none-][FATAL] Could not connect to DB server localhost as wiseondemand. port : No connection could be made because the target machine actively refused it.

Thu Mar 22 13:14:29 2018 [23348][1][FATAL] field_defs should be an array
Thu Mar 22 15:02:16 2018 [23348][-none-][FATAL] FAILED LOGIN:attempts[1], ip[::1], username[admin]
Thu Mar 22 15:02:25 2018 [23348][-none-][FATAL] FAILED LOGIN:attempts[1], ip[::1], username[admin]
Thu Mar 22 17:34:12 2018 [23348][1][FATAL] ERROR: rmdir_recursive(): argument cache/themes/SuitePImproved2/modules is not a file or a dir.
Fri Mar 23 13:23:26 2018 [23348][1][FATAL] field_defs should be an array
Sat Mar 24 22:34:44 2018 [15124][1][FATAL] ERROR: rmdir_recursive(): argument cache/themes/WiseTheme/modules is not a file or a dir.
Sat Mar 24 22:37:13 2018 [15124][1][FATAL] ERROR: rmdir_recursive(): argument cache/themes/SuiteP/modules is not a file or a dir.
Sat Mar 24 22:37:13 2018 [15124][1][FATAL] ERROR: rmdir_recursive(): argument cache/themes/WiseTheme/modules is not a file or a dir.
Sat Mar 24 22:40:22 2018 [15124][1][FATAL] ERROR: rmdir_recursive(): argument cache/themes/SuiteP/modules is not a file or a dir.
Sat Mar 24 22:40:52 2018 [15124][1][FATAL] field_defs should be an array
Sat Mar 24 22:49:01 2018 [15124][1][FATAL] ERROR: rmdir_recursive(): argument cache/themes/SuiteP/modules is not a file or a dir.
Sat Mar 24 22:49:01 2018 [15124][1][FATAL] ERROR: rmdir_recursive(): argument cache/themes/WiseTheme/modules is not a file or a dir.
Sat Mar 24 22:52:18 2018 [15124][1][FATAL] ERROR: rmdir_recursive(): argument cache/themes/SuiteP/modules is not a file or a dir.
Sat Mar 24 22:52:18 2018 [15124][1][FATAL] ERROR: rmdir_recursive(): argument cache/themes/WiseTheme/modules is not a file or a dir.
Sat Mar 24 22:55:24 2018 [17324][-none-][FATAL] Could not connect to DB server localhost as wiseondemand. port : No connection could be made because the target machine actively refused it.

Sat Mar 24 23:00:23 2018 [10504][-none-][FATAL] Could not connect to DB server localhost as wiseondemand. port : No connection could be made because the target machine actively refused it.

Sat Mar 24 23:02:01 2018 [10504][1][FATAL] ERROR: rmdir_recursive(): argument cache/themes/SuiteP/modules is not a file or a dir.
Sat Mar 24 23:02:01 2018 [10504][1][FATAL] ERROR: rmdir_recursive(): argument cache/themes/WiseTheme/modules is not a file or a dir.
Sat Mar 24 23:06:17 2018 [14520][-none-][FATAL] Could not connect to DB server localhost as wiseondemand. port : No connection could be made because the target machine actively refused it.

Sat Mar 24 23:09:44 2018 [1204][-none-][FATAL] Could not connect to DB server localhost as wiseondemand. port : No connection could be made because the target machine actively refused it.

Sat Mar 24 23:14:41 2018 [1204][1][FATAL] field_defs should be an array
Sat Mar 24 23:17:43 2018 [1204][1][FATAL] field_defs should be an array
Sat Mar 24 23:19:58 2018 [1204][1][FATAL] field_defs should be an array
Sat Mar 24 23:23:08 2018 [9708][-none-][FATAL] Could not connect to DB server localhost as wiseondemand. port : No connection could be made because the target machine actively refused it.

Sat Mar 24 23:23:13 2018 [9708][-none-][FATAL] Could not connect to DB server localhost as wiseondemand. port : No connection could be made because the target machine actively refused it.

Sat Mar 24 23:32:09 2018 [12676][1][FATAL] ERROR: rmdir_recursive(): argument cache/themes/SuiteP/modules is not a file or a dir.
Sat Mar 24 23:32:09 2018 [12676][1][FATAL] ERROR: rmdir_recursive(): argument cache/themes/WiseTheme/modules is not a file or a dir.
Sat Mar 24 23:39:01 2018 [11828][1][FATAL] ERROR: rmdir_recursive(): argument cache/themes/SuiteP/modules is not a file or a dir.
Sat Mar 24 23:39:01 2018 [11828][1][FATAL] ERROR: rmdir_recursive(): argument cache/themes/WiseTheme/modules is not a file or a dir.
Sat Mar 24 23:46:21 2018 [7184][1][FATAL] ERROR: rmdir_recursive(): argument cache/themes/SuiteP/modules is not a file or a dir.
Sat Mar 24 23:46:21 2018 [7184][1][FATAL] ERROR: rmdir_recursive(): argument cache/themes/WiseTheme/modules is not a file or a dir.
Sat Mar 24 23:58:05 2018 [6328][-none-][FATAL] Could not connect to DB server localhost as wiseondemand. port : No connection could be made because the target machine actively refused it.

Sat Mar 24 23:58:18 2018 [6328][-none-][FATAL] Could not connect to DB server localhost as wiseondemand. port : No connection could be made because the target machine actively refused it.

Sat Mar 24 23:59:38 2018 [6328][1][FATAL] ERROR: rmdir_recursive(): argument cache/themes/SuiteP/modules is not a file or a dir.
Sun Mar 25 00:15:43 2018 [16600][-none-][FATAL] Could not connect to DB server localhost as wiseondemand. port : No connection could be made because the target machine actively refused it.

Sun Mar 25 00:24:46 2018 [16600][1][FATAL] ERROR: rmdir_recursive(): argument cache/themes/SuiteP/modules is not a file or a dir.
Sun Mar 25 00:24:46 2018 [16600][1][FATAL] ERROR: rmdir_recursive(): argument cache/themes/WiseTheme/modules is not a file or a dir.
Sun Mar 25 00:31:39 2018 [16600][1][FATAL] ERROR: rmdir_recursive(): argument cache/themes/WiseTheme/modules is not a file or a dir.
Sun Mar 25 00:33:01 2018 [16600][1][FATAL] field_defs should be an array
Sun Mar 25 00:35:06 2018 [16600][-none-][FATAL] SECURITY: User authentication for adminasdsad failed
Sun Mar 25 00:35:06 2018 [16600][-none-][FATAL] FAILED LOGIN:attempts[1], ip[::1], username[adminasdsad]
Sun Mar 25 17:08:23 2018 [16444][1][FATAL] ERROR: rmdir_recursive(): argument cache/themes/SuiteP/modules is not a file or a dir.
Sun Mar 25 17:39:37 2018 [17808][1][FATAL] ERROR: rmdir_recursive(): argument cache/themes/SuiteP/modules is not a file or a dir.
Sun Mar 25 17:39:37 2018 [17808][1][FATAL] ERROR: rmdir_recursive(): argument cache/themes/WiseTheme/modules is not a file or a dir.
Sun Mar 25 17:57:26 2018 [10504][1][FATAL] field_defs should be an array
